URI: api/user/profile, Method: GET
URI: api/user/profile, Method: GET
URI: api/user/profile, Method: GET
URI: api/user/profile, Method: GET
URI: api/user/incidents, Method: POST
URI: api/user/incidents, Method: POST
URI: api/user/incidents, Method: POST
URI: api/user/incidents, Method: POST
URI: api/auth/login, Method: GET
URI: api/auth/login, Method: GET
URI: api/auth/login, Method: POST
URI: api/auth/login, Method: POST
URI: api/auth/login, Method: GET
URI: api/auth/login, Method: PUT
URI: api/auth/login, Method: DELETE
URI: api/auth/login, Method: PATCH
URI: api/auth/login, Method: HEAD
URI: api/auth/login, Method: GET
URI: api/auth/dashboard, Method: GET
URI: api/auth, Method: GET
URI: api/auth/dashboard, Method: GET
URI: api/students, Method: GET
URI: api/students, Method: GET
URI: api/auth/login, Method: GET
URI: api/auth/login, Method: GET
URI: api/auth/login, Method: POST
URI: api/auth/login, Method: GET
URI: api/auth/login, Method: POST
URI: api/rooms, Method: GET
URI: api/auth/login, Method: GET
URI: api/auth/login, Method: POST
URI: api/rooms, Method: GET
URI: api/student, Method: GET
URI: api/students, Method: GET
URI: api/student, Method: GET
